<?xml version="1.0" encoding="UTF-8"?>
<!-- Generated by org.testng.reporters.JUnitReportReporter -->
<testsuite hostname="Patel-G" failures="0" tests="1" name="sample.Example" time="0.011" errors="0" timestamp="2024-06-28T13:21:58 IST" skipped="0">
  <testcase classname="sample.Example" name="m1" time="0.011"/>
  <system-out/>
</testsuite> <!-- sample.Example -->
