<?xml version="1.0" encoding="UTF-8"?>
<!-- Generated by org.testng.reporters.JUnitReportReporter -->
<testsuite hostname="Patel-G" failures="0" tests="1" name="com.comcast.crm.createorg.test.CreateOrgTest" time="0.015" errors="0" timestamp="2024-07-01T22:48:16 IST" skipped="0">
  <testcase classname="com.comcast.crm.createorg.test.CreateOrgTest" name="sampleTest" time="0.015"/>
  <system-out/>
</testsuite> <!-- com.comcast.crm.createorg.test.CreateOrgTest -->
